<?xml version="1.0" encoding="UTF-8"?>
<!-- Generated by org.testng.reporters.JUnitReportReporter -->
<testsuite hostname="DESKTOP-23TDLJK" name="page.Insta" tests="3" failures="0" timestamp="21 Dec 2017 11:00:08 GMT" time="31.418" errors="0">
  <testcase name="browser" time="16.083" classname="page.Insta"/>
  <testcase name="mainPage" time="12.046" classname="page.Insta"/>
  <testcase name="logIn" time="3.289" classname="page.Insta"/>
</testsuite> <!-- page.Insta -->
