<?xml version="1.0" encoding="UTF-8"?>
<!-- Generated by org.testng.reporters.JUnitReportReporter -->
<testsuite skipped="0" hostname="DESKTOP-23TDLJK" name="challenge.Upload" tests="1" failures="0" timestamp="06 Feb 2018 05:47:48 GMT" time="45.577" errors="0">
  <testcase name="main" time="45.577" classname="challenge.Upload"/>
</testsuite> <!-- challenge.Upload -->
